This file contains any messages produced by compilers while
running configure, to aid debugging if configure makes a mistake.

It was created by restcgi configure 1.0.1, which was
generated by GNU Autoconf 2.63.  Invocation command line was

  $ ./configure 

## --------- ##
## Platform. ##
## --------- ##

hostname = kalinga-VPCCW15FG
uname -m = x86_64
uname -r = 3.16.0-53-generic
uname -s = Linux
uname -v = #72~14.04.1-Ubuntu SMP Fri Nov 6 18:17:23 UTC 2015

/usr/bin/uname -p = unknown
/bin/uname -X     = unknown

/bin/arch              = unknown
/usr/bin/arch -k       = unknown
/usr/convex/getsysinfo = unknown
/usr/bin/hostinfo      = unknown
/bin/machine           = unknown
/usr/bin/oslevel       = unknown
/bin/universe          = unknown

PATH: /home/kalinga/maven/bin
PATH: /home/kalinga/eclipseluna
PATH: /usr/local/sbin
PATH: /usr/local/bin
PATH: /usr/sbin
PATH: /usr/bin
PATH: /sbin
PATH: /bin
PATH: /usr/games
PATH: /usr/local/games


## ----------- ##
## Core tests. ##
## ----------- ##

configure:2076: checking for a BSD-compatible install
configure:2144: result: /usr/bin/install -c
configure:2155: checking whether build environment is sane
configure:2198: result: yes
configure:2223: checking for a thread-safe mkdir -p
configure:2262: result: /bin/mkdir -p
configure:2275: checking for gawk
configure:2305: result: no
configure:2275: checking for mawk
configure:2291: found /usr/bin/mawk
configure:2302: result: mawk
configure:2313: checking whether make sets $(MAKE)
configure:2335: result: yes
configure:2550: checking build system type
configure:2568: result: x86_64-unknown-linux-gnu
configure:2590: checking host system type
configure:2605: result: x86_64-unknown-linux-gnu
configure:2639: checking for style of include used by make
configure:2667: result: GNU
configure:2737: checking for gcc
configure:2753: found /usr/bin/gcc
configure:2764: result: gcc
configure:2996: checking for C compiler version
configure:3004: gcc --version >&5
gcc (Ubuntu 4.8.4-2ubuntu1~14.04.1) 4.8.4
Copyright (C) 2013 Free Software Foundation, Inc.
This is free software; see the source for copying conditions.  There is NO
warranty; not even for MERCHANTABILITY or FITNESS FOR A PARTICULAR PURPOSE.

configure:3008: $? = 0
configure:3015: gcc -v >&5
Using built-in specs.
COLLECT_GCC=gcc
COLLECT_LTO_WRAPPER=/usr/lib/gcc/x86_64-linux-gnu/4.8/lto-wrapper
Target: x86_64-linux-gnu
Configured with: ../src/configure -v --with-pkgversion='Ubuntu 4.8.4-2ubuntu1~14.04.1' --with-bugurl=file:///usr/share/doc/gcc-4.8/README.Bugs --enable-languages=c,c++,java,go,d,fortran,objc,obj-c++ --prefix=/usr --program-suffix=-4.8 --enable-shared --enable-linker-build-id --libexecdir=/usr/lib --without-included-gettext --enable-threads=posix --with-gxx-include-dir=/usr/include/c++/4.8 --libdir=/usr/lib --enable-nls --with-sysroot=/ --enable-clocale=gnu --enable-libstdcxx-debug --enable-libstdcxx-time=yes --enable-gnu-unique-object --disable-libmudflap --enable-plugin --with-system-zlib --disable-browser-plugin --enable-java-awt=gtk --enable-gtk-cairo --with-java-home=/usr/lib/jvm/java-1.5.0-gcj-4.8-amd64/jre --enable-java-home --with-jvm-root-dir=/usr/lib/jvm/java-1.5.0-gcj-4.8-amd64 --with-jvm-jar-dir=/usr/lib/jvm-exports/java-1.5.0-gcj-4.8-amd64 --with-arch-directory=amd64 --with-ecj-jar=/usr/share/java/eclipse-ecj.jar --enable-objc-gc --enable-multiarch --disable-werror --with-arch-32=i686 --with-abi=m64 --with-multilib-list=m32,m64,mx32 --with-tune=generic --enable-checking=release --build=x86_64-linux-gnu --host=x86_64-linux-gnu --target=x86_64-linux-gnu
Thread model: posix
gcc version 4.8.4 (Ubuntu 4.8.4-2ubuntu1~14.04.1) 
configure:3019: $? = 0
configure:3026: gcc -V >&5
gcc: error: unrecognized command line option '-V'
gcc: fatal error: no input files
compilation terminated.
configure:3030: $? = 4
configure:3053: checking for C compiler default output file name
configure:3075: gcc    conftest.c  >&5
configure:3079: $? = 0
configure:3117: result: a.out
configure:3136: checking whether the C compiler works
configure:3146: ./a.out
configure:3150: $? = 0
configure:3169: result: yes
configure:3176: checking whether we are cross compiling
configure:3178: result: no
configure:3181: checking for suffix of executables
configure:3188: gcc -o conftest    conftest.c  >&5
configure:3192: $? = 0
configure:3218: result: 
configure:3224: checking for suffix of object files
configure:3250: gcc -c   conftest.c >&5
configure:3254: $? = 0
configure:3279: result: o
configure:3283: checking whether we are using the GNU C compiler
configure:3312: gcc -c   conftest.c >&5
configure:3319: $? = 0
configure:3336: result: yes
configure:3345: checking whether gcc accepts -g
configure:3375: gcc -c -g  conftest.c >&5
configure:3382: $? = 0
configure:3483: result: yes
configure:3500: checking for gcc option to accept ISO C89
configure:3574: gcc  -c -g -O2  conftest.c >&5
configure:3581: $? = 0
configure:3604: result: none needed
configure:3624: checking dependency style of gcc
configure:3715: result: gcc3
configure:3730: checking for a sed that does not truncate output
configure:3796: result: /bin/sed
configure:3814: checking for grep that handles long lines and -e
configure:3874: result: /bin/grep
configure:3879: checking for egrep
configure:3943: result: /bin/grep -E
configure:3948: checking for fgrep
configure:4012: result: /bin/grep -F
configure:4047: checking for ld used by gcc
configure:4114: result: /usr/bin/ld
configure:4123: checking if the linker (/usr/bin/ld) is GNU ld
configure:4138: result: yes
configure:4150: checking for BSD- or MS-compatible name lister (nm)
configure:4199: result: /usr/bin/nm -B
configure:4317: checking the name lister (/usr/bin/nm -B) interface
configure:4324: gcc -c -g -O2  conftest.c >&5
configure:4327: /usr/bin/nm -B "conftest.o"
configure:4330: output
0000000000000000 B some_variable
configure:4337: result: BSD nm
configure:4340: checking whether ln -s works
configure:4344: result: yes
configure:4352: checking the maximum length of command line arguments
configure:4472: result: 1572864
configure:4489: checking whether the shell understands some XSI constructs
configure:4499: result: yes
configure:4503: checking whether the shell understands "+="
configure:4509: result: yes
configure:4544: checking for /usr/bin/ld option to reload object files
configure:4551: result: -r
configure:4620: checking for objdump
configure:4636: found /usr/bin/objdump
configure:4647: result: objdump
configure:4679: checking how to recognize dependent libraries
configure:4875: result: pass_all
configure:4935: checking for ar
configure:4951: found /usr/bin/ar
configure:4962: result: ar
configure:5040: checking for strip
configure:5056: found /usr/bin/strip
configure:5067: result: strip
configure:5139: checking for ranlib
configure:5155: found /usr/bin/ranlib
configure:5166: result: ranlib
configure:5256: checking command to parse /usr/bin/nm -B output from gcc object
configure:5374: gcc -c -g -O2  conftest.c >&5
configure:5377: $? = 0
configure:5381: /usr/bin/nm -B conftest.o \| sed -n -e 's/^.*[	 ]\([ABCDGIRSTW][ABCDGIRSTW]*\)[	 ][	 ]*\([_A-Za-z][_A-Za-z0-9]*\)$/\1 \2 \2/p' \> conftest.nm
configure:5384: $? = 0
configure:5438: gcc -o conftest -g -O2   conftest.c conftstm.o >&5
configure:5441: $? = 0
configure:5479: result: ok
configure:5575: gcc -c -g -O2  conftest.c >&5
configure:5578: $? = 0
configure:6346: checking how to run the C preprocessor
configure:6386: gcc -E  conftest.c
configure:6393: $? = 0
configure:6424: gcc -E  conftest.c
conftest.c:10:28: fatal error: ac_nonexistent.h: No such file or directory
 #include <ac_nonexistent.h>
                            ^
compilation terminated.
configure:6431: $? = 1
configure: failed program was:
| /* confdefs.h.  */
| #define PACKAGE_NAME "restcgi"
| #define PACKAGE_TARNAME "restcgi"
| #define PACKAGE_VERSION "1.0.1"
| #define PACKAGE_STRING "restcgi 1.0.1"
| #define PACKAGE_BUGREPORT ""
| #define PACKAGE "restcgi"
| #define VERSION "1.0.1"
| /* end confdefs.h.  */
| #include <ac_nonexistent.h>
configure:6464: result: gcc -E
configure:6493: gcc -E  conftest.c
configure:6500: $? = 0
configure:6531: gcc -E  conftest.c
conftest.c:10:28: fatal error: ac_nonexistent.h: No such file or directory
 #include <ac_nonexistent.h>
                            ^
compilation terminated.
configure:6538: $? = 1
configure: failed program was:
| /* confdefs.h.  */
| #define PACKAGE_NAME "restcgi"
| #define PACKAGE_TARNAME "restcgi"
| #define PACKAGE_VERSION "1.0.1"
| #define PACKAGE_STRING "restcgi 1.0.1"
| #define PACKAGE_BUGREPORT ""
| #define PACKAGE "restcgi"
| #define VERSION "1.0.1"
| /* end confdefs.h.  */
| #include <ac_nonexistent.h>
configure:6578: checking for ANSI C header files
configure:6608: gcc -c -g -O2  conftest.c >&5
configure:6615: $? = 0
configure:6714: gcc -o conftest -g -O2   conftest.c  >&5
configure:6718: $? = 0
configure:6724: ./conftest
configure:6728: $? = 0
configure:6746: result: yes
configure:6770: checking for sys/types.h
configure:6791: gcc -c -g -O2  conftest.c >&5
configure:6798: $? = 0
configure:6815: result: yes
configure:6770: checking for sys/stat.h
configure:6791: gcc -c -g -O2  conftest.c >&5
configure:6798: $? = 0
configure:6815: result: yes
configure:6770: checking for stdlib.h
configure:6791: gcc -c -g -O2  conftest.c >&5
configure:6798: $? = 0
configure:6815: result: yes
configure:6770: checking for string.h
configure:6791: gcc -c -g -O2  conftest.c >&5
configure:6798: $? = 0
configure:6815: result: yes
configure:6770: checking for memory.h
configure:6791: gcc -c -g -O2  conftest.c >&5
configure:6798: $? = 0
configure:6815: result: yes
configure:6770: checking for strings.h
configure:6791: gcc -c -g -O2  conftest.c >&5
configure:6798: $? = 0
configure:6815: result: yes
configure:6770: checking for inttypes.h
configure:6791: gcc -c -g -O2  conftest.c >&5
configure:6798: $? = 0
configure:6815: result: yes
configure:6770: checking for stdint.h
configure:6791: gcc -c -g -O2  conftest.c >&5
configure:6798: $? = 0
configure:6815: result: yes
configure:6770: checking for unistd.h
configure:6791: gcc -c -g -O2  conftest.c >&5
configure:6798: $? = 0
configure:6815: result: yes
configure:6833: checking for dlfcn.h
configure:6854: gcc -c -g -O2  conftest.c >&5
configure:6861: $? = 0
configure:6878: result: yes
configure:7064: checking for objdir
configure:7079: result: .libs
configure:7375: checking if gcc supports -fno-rtti -fno-exceptions
configure:7393: gcc -c -g -O2  -fno-rtti -fno-exceptions conftest.c >&5
cc1: warning: command line option '-fno-rtti' is valid for C++/ObjC++ but not for C [enabled by default]
configure:7397: $? = 0
configure:7410: result: no
configure:7430: checking for gcc option to produce PIC
configure:7702: result: -fPIC -DPIC
configure:7714: checking if gcc PIC flag -fPIC -DPIC works
configure:7732: gcc -c -g -O2  -fPIC -DPIC -DPIC conftest.c >&5
configure:7736: $? = 0
configure:7749: result: yes
configure:7773: checking if gcc static flag -static works
configure:7801: result: yes
configure:7816: checking if gcc supports -c -o file.o
configure:7837: gcc -c -g -O2  -o out/conftest2.o conftest.c >&5
configure:7841: $? = 0
configure:7863: result: yes
configure:7871: checking if gcc supports -c -o file.o
configure:7918: result: yes
configure:7951: checking whether the gcc linker (/usr/bin/ld -m elf_x86_64) supports shared libraries
configure:9025: result: yes
configure:9062: checking whether -lc should be explicitly linked in
configure:9067: gcc -c -g -O2  conftest.c >&5
configure:9070: $? = 0
configure:9085: gcc -shared conftest.o  -v -Wl,-soname -Wl,conftest -o conftest 2\>\&1 \| /bin/grep  -lc  \>/dev/null 2\>\&1
configure:9088: $? = 0
configure:9100: result: no
configure:9264: checking dynamic linker characteristics
configure:9707: gcc -o conftest -g -O2   -Wl,-rpath -Wl,/foo conftest.c  >&5
configure:9714: $? = 0
configure:9947: result: GNU/Linux ld.so
configure:10049: checking how to hardcode library paths into programs
configure:10074: result: immediate
configure:10907: checking whether stripping libraries is possible
configure:10912: result: yes
configure:10947: checking if libtool supports shared libraries
configure:10949: result: yes
configure:10952: checking whether to build shared libraries
configure:10973: result: yes
configure:10976: checking whether to build static libraries
configure:10980: result: yes
configure:11080: checking for g++
configure:11096: found /usr/bin/g++
configure:11107: result: g++
configure:11134: checking for C++ compiler version
configure:11142: g++ --version >&5
g++ (Ubuntu 4.8.4-2ubuntu1~14.04.1) 4.8.4
Copyright (C) 2013 Free Software Foundation, Inc.
This is free software; see the source for copying conditions.  There is NO
warranty; not even for MERCHANTABILITY or FITNESS FOR A PARTICULAR PURPOSE.

configure:11146: $? = 0
configure:11153: g++ -v >&5
Using built-in specs.
COLLECT_GCC=g++
COLLECT_LTO_WRAPPER=/usr/lib/gcc/x86_64-linux-gnu/4.8/lto-wrapper
Target: x86_64-linux-gnu
Configured with: ../src/configure -v --with-pkgversion='Ubuntu 4.8.4-2ubuntu1~14.04.1' --with-bugurl=file:///usr/share/doc/gcc-4.8/README.Bugs --enable-languages=c,c++,java,go,d,fortran,objc,obj-c++ --prefix=/usr --program-suffix=-4.8 --enable-shared --enable-linker-build-id --libexecdir=/usr/lib --without-included-gettext --enable-threads=posix --with-gxx-include-dir=/usr/include/c++/4.8 --libdir=/usr/lib --enable-nls --with-sysroot=/ --enable-clocale=gnu --enable-libstdcxx-debug --enable-libstdcxx-time=yes --enable-gnu-unique-object --disable-libmudflap --enable-plugin --with-system-zlib --disable-browser-plugin --enable-java-awt=gtk --enable-gtk-cairo --with-java-home=/usr/lib/jvm/java-1.5.0-gcj-4.8-amd64/jre --enable-java-home --with-jvm-root-dir=/usr/lib/jvm/java-1.5.0-gcj-4.8-amd64 --with-jvm-jar-dir=/usr/lib/jvm-exports/java-1.5.0-gcj-4.8-amd64 --with-arch-directory=amd64 --with-ecj-jar=/usr/share/java/eclipse-ecj.jar --enable-objc-gc --enable-multiarch --disable-werror --with-arch-32=i686 --with-abi=m64 --with-multilib-list=m32,m64,mx32 --with-tune=generic --enable-checking=release --build=x86_64-linux-gnu --host=x86_64-linux-gnu --target=x86_64-linux-gnu
Thread model: posix
gcc version 4.8.4 (Ubuntu 4.8.4-2ubuntu1~14.04.1) 
configure:11157: $? = 0
configure:11164: g++ -V >&5
g++: error: unrecognized command line option '-V'
g++: fatal error: no input files
compilation terminated.
configure:11168: $? = 4
configure:11171: checking whether we are using the GNU C++ compiler
configure:11200: g++ -c   conftest.cpp >&5
configure:11207: $? = 0
configure:11224: result: yes
configure:11233: checking whether g++ accepts -g
configure:11263: g++ -c -g  conftest.cpp >&5
configure:11270: $? = 0
configure:11371: result: yes
configure:11396: checking dependency style of g++
configure:11487: result: gcc3
configure:11615: checking for C++ compiler version
configure:11623: g++ --version >&5
g++ (Ubuntu 4.8.4-2ubuntu1~14.04.1) 4.8.4
Copyright (C) 2013 Free Software Foundation, Inc.
This is free software; see the source for copying conditions.  There is NO
warranty; not even for MERCHANTABILITY or FITNESS FOR A PARTICULAR PURPOSE.

configure:11627: $? = 0
configure:11634: g++ -v >&5
Using built-in specs.
COLLECT_GCC=g++
COLLECT_LTO_WRAPPER=/usr/lib/gcc/x86_64-linux-gnu/4.8/lto-wrapper
Target: x86_64-linux-gnu
Configured with: ../src/configure -v --with-pkgversion='Ubuntu 4.8.4-2ubuntu1~14.04.1' --with-bugurl=file:///usr/share/doc/gcc-4.8/README.Bugs --enable-languages=c,c++,java,go,d,fortran,objc,obj-c++ --prefix=/usr --program-suffix=-4.8 --enable-shared --enable-linker-build-id --libexecdir=/usr/lib --without-included-gettext --enable-threads=posix --with-gxx-include-dir=/usr/include/c++/4.8 --libdir=/usr/lib --enable-nls --with-sysroot=/ --enable-clocale=gnu --enable-libstdcxx-debug --enable-libstdcxx-time=yes --enable-gnu-unique-object --disable-libmudflap --enable-plugin --with-system-zlib --disable-browser-plugin --enable-java-awt=gtk --enable-gtk-cairo --with-java-home=/usr/lib/jvm/java-1.5.0-gcj-4.8-amd64/jre --enable-java-home --with-jvm-root-dir=/usr/lib/jvm/java-1.5.0-gcj-4.8-amd64 --with-jvm-jar-dir=/usr/lib/jvm-exports/java-1.5.0-gcj-4.8-amd64 --with-arch-directory=amd64 --with-ecj-jar=/usr/share/java/eclipse-ecj.jar --enable-objc-gc --enable-multiarch --disable-werror --with-arch-32=i686 --with-abi=m64 --with-multilib-list=m32,m64,mx32 --with-tune=generic --enable-checking=release --build=x86_64-linux-gnu --host=x86_64-linux-gnu --target=x86_64-linux-gnu
Thread model: posix
gcc version 4.8.4 (Ubuntu 4.8.4-2ubuntu1~14.04.1) 
configure:11638: $? = 0
configure:11645: g++ -V >&5
g++: error: unrecognized command line option '-V'
g++: fatal error: no input files
compilation terminated.
configure:11649: $? = 4
configure:11652: checking whether we are using the GNU C++ compiler
configure:11705: result: yes
configure:11714: checking whether g++ accepts -g
configure:11852: result: yes
configure:11877: checking dependency style of g++
configure:11968: result: gcc3
configure:11991: checking how to run the C++ preprocessor
configure:12027: g++ -E  conftest.cpp
configure:12034: $? = 0
configure:12065: g++ -E  conftest.cpp
conftest.cpp:22:28: fatal error: ac_nonexistent.h: No such file or directory
 #include <ac_nonexistent.h>
                            ^
compilation terminated.
configure:12072: $? = 1
configure: failed program was:
| /* confdefs.h.  */
| #define PACKAGE_NAME "restcgi"
| #define PACKAGE_TARNAME "restcgi"
| #define PACKAGE_VERSION "1.0.1"
| #define PACKAGE_STRING "restcgi 1.0.1"
| #define PACKAGE_BUGREPORT ""
| #define PACKAGE "restcgi"
| #define VERSION "1.0.1"
| #define STDC_HEADERS 1
| #define HAVE_SYS_TYPES_H 1
| #define HAVE_SYS_STAT_H 1
| #define HAVE_STDLIB_H 1
| #define HAVE_STRING_H 1
| #define HAVE_MEMORY_H 1
| #define HAVE_STRINGS_H 1
| #define HAVE_INTTYPES_H 1
| #define HAVE_STDINT_H 1
| #define HAVE_UNISTD_H 1
| #define HAVE_DLFCN_H 1
| #define LT_OBJDIR ".libs/"
| /* end confdefs.h.  */
| #include <ac_nonexistent.h>
configure:12105: result: g++ -E
configure:12134: g++ -E  conftest.cpp
configure:12141: $? = 0
configure:12172: g++ -E  conftest.cpp
conftest.cpp:22:28: fatal error: ac_nonexistent.h: No such file or directory
 #include <ac_nonexistent.h>
                            ^
compilation terminated.
configure:12179: $? = 1
configure: failed program was:
| /* confdefs.h.  */
| #define PACKAGE_NAME "restcgi"
| #define PACKAGE_TARNAME "restcgi"
| #define PACKAGE_VERSION "1.0.1"
| #define PACKAGE_STRING "restcgi 1.0.1"
| #define PACKAGE_BUGREPORT ""
| #define PACKAGE "restcgi"
| #define VERSION "1.0.1"
| #define STDC_HEADERS 1
| #define HAVE_SYS_TYPES_H 1
| #define HAVE_SYS_STAT_H 1
| #define HAVE_STDLIB_H 1
| #define HAVE_STRING_H 1
| #define HAVE_MEMORY_H 1
| #define HAVE_STRINGS_H 1
| #define HAVE_INTTYPES_H 1
| #define HAVE_STDINT_H 1
| #define HAVE_UNISTD_H 1
| #define HAVE_DLFCN_H 1
| #define LT_OBJDIR ".libs/"
| /* end confdefs.h.  */
| #include <ac_nonexistent.h>
configure:12355: checking for ld used by g++
configure:12422: result: /usr/bin/ld -m elf_x86_64
configure:12431: checking if the linker (/usr/bin/ld -m elf_x86_64) is GNU ld
configure:12446: result: yes
configure:12501: checking whether the g++ linker (/usr/bin/ld -m elf_x86_64) supports shared libraries
configure:13476: result: yes
configure:13504: g++ -c -g -O2  conftest.cpp >&5
configure:13507: $? = 0
configure:13689: checking for g++ option to produce PIC
configure:14006: result: -fPIC -DPIC
configure:14015: checking if g++ PIC flag -fPIC -DPIC works
configure:14033: g++ -c -g -O2  -fPIC -DPIC -DPIC conftest.cpp >&5
configure:14037: $? = 0
configure:14050: result: yes
configure:14071: checking if g++ static flag -static works
configure:14099: result: yes
configure:14111: checking if g++ supports -c -o file.o
configure:14132: g++ -c -g -O2  -o out/conftest2.o conftest.cpp >&5
configure:14136: $? = 0
configure:14158: result: yes
configure:14163: checking if g++ supports -c -o file.o
configure:14210: result: yes
configure:14240: checking whether the g++ linker (/usr/bin/ld -m elf_x86_64) supports shared libraries
configure:14266: result: yes
configure:14403: checking dynamic linker characteristics
configure:14794: g++ -o conftest -g -O2   -Wl,-rpath -Wl,/foo conftest.cpp  >&5
configure:14801: $? = 0
configure:15034: result: GNU/Linux ld.so
configure:15085: checking how to hardcode library paths into programs
configure:15110: result: immediate
configure:15197: checking for gcc
configure:15224: result: gcc
configure:15456: checking for C compiler version
configure:15464: gcc --version >&5
gcc (Ubuntu 4.8.4-2ubuntu1~14.04.1) 4.8.4
Copyright (C) 2013 Free Software Foundation, Inc.
This is free software; see the source for copying conditions.  There is NO
warranty; not even for MERCHANTABILITY or FITNESS FOR A PARTICULAR PURPOSE.

configure:15468: $? = 0
configure:15475: gcc -v >&5
Using built-in specs.
COLLECT_GCC=gcc
COLLECT_LTO_WRAPPER=/usr/lib/gcc/x86_64-linux-gnu/4.8/lto-wrapper
Target: x86_64-linux-gnu
Configured with: ../src/configure -v --with-pkgversion='Ubuntu 4.8.4-2ubuntu1~14.04.1' --with-bugurl=file:///usr/share/doc/gcc-4.8/README.Bugs --enable-languages=c,c++,java,go,d,fortran,objc,obj-c++ --prefix=/usr --program-suffix=-4.8 --enable-shared --enable-linker-build-id --libexecdir=/usr/lib --without-included-gettext --enable-threads=posix --with-gxx-include-dir=/usr/include/c++/4.8 --libdir=/usr/lib --enable-nls --with-sysroot=/ --enable-clocale=gnu --enable-libstdcxx-debug --enable-libstdcxx-time=yes --enable-gnu-unique-object --disable-libmudflap --enable-plugin --with-system-zlib --disable-browser-plugin --enable-java-awt=gtk --enable-gtk-cairo --with-java-home=/usr/lib/jvm/java-1.5.0-gcj-4.8-amd64/jre --enable-java-home --with-jvm-root-dir=/usr/lib/jvm/java-1.5.0-gcj-4.8-amd64 --with-jvm-jar-dir=/usr/lib/jvm-exports/java-1.5.0-gcj-4.8-amd64 --with-arch-directory=amd64 --with-ecj-jar=/usr/share/java/eclipse-ecj.jar --enable-objc-gc --enable-multiarch --disable-werror --with-arch-32=i686 --with-abi=m64 --with-multilib-list=m32,m64,mx32 --with-tune=generic --enable-checking=release --build=x86_64-linux-gnu --host=x86_64-linux-gnu --target=x86_64-linux-gnu
Thread model: posix
gcc version 4.8.4 (Ubuntu 4.8.4-2ubuntu1~14.04.1) 
configure:15479: $? = 0
configure:15486: gcc -V >&5
gcc: error: unrecognized command line option '-V'
gcc: fatal error: no input files
compilation terminated.
configure:15490: $? = 4
configure:15493: checking whether we are using the GNU C compiler
configure:15546: result: yes
configure:15555: checking whether gcc accepts -g
configure:15693: result: yes
configure:15710: checking for gcc option to accept ISO C89
configure:15814: result: none needed
configure:15834: checking dependency style of gcc
configure:15925: result: gcc3
configure:15943: checking for _ZN5uripp4pathC1Ev in -luripp
configure:15978: gcc -o conftest -g -O2   conftest.c -luripp   >&5
configure:15985: $? = 0
configure:16006: result: yes
configure:16029: checking for stdlib.h
configure:16036: result: yes
configure:16029: checking for string.h
configure:16036: result: yes
configure:16177: checking for stdbool.h that conforms to C99
configure:16272: gcc -c -g -O2  conftest.c >&5
configure:16279: $? = 0
configure:16294: result: yes
configure:16296: checking for _Bool
configure:16324: gcc -c -g -O2  conftest.c >&5
configure:16331: $? = 0
configure:16358: gcc -c -g -O2  conftest.c >&5
conftest.c: In function 'main':
conftest.c:61:20: error: expected expression before ')' token
 if (sizeof ((_Bool)))
                    ^
configure:16365: $? = 1
configure: failed program was:
| /* confdefs.h.  */
| #define PACKAGE_NAME "restcgi"
| #define PACKAGE_TARNAME "restcgi"
| #define PACKAGE_VERSION "1.0.1"
| #define PACKAGE_STRING "restcgi 1.0.1"
| #define PACKAGE_BUGREPORT ""
| #define PACKAGE "restcgi"
| #define VERSION "1.0.1"
| #define STDC_HEADERS 1
| #define HAVE_SYS_TYPES_H 1
| #define HAVE_SYS_STAT_H 1
| #define HAVE_STDLIB_H 1
| #define HAVE_STRING_H 1
| #define HAVE_MEMORY_H 1
| #define HAVE_STRINGS_H 1
| #define HAVE_INTTYPES_H 1
| #define HAVE_STDINT_H 1
| #define HAVE_UNISTD_H 1
| #define HAVE_DLFCN_H 1
| #define LT_OBJDIR ".libs/"
| #define HAVE_LIBURIPP 1
| #define HAVE_STDLIB_H 1
| #define HAVE_STRING_H 1
| /* end confdefs.h.  */
| #include <stdio.h>
| #ifdef HAVE_SYS_TYPES_H
| # include <sys/types.h>
| #endif
| #ifdef HAVE_SYS_STAT_H
| # include <sys/stat.h>
| #endif
| #ifdef STDC_HEADERS
| # include <stdlib.h>
| # include <stddef.h>
| #else
| # ifdef HAVE_STDLIB_H
| #  include <stdlib.h>
| # endif
| #endif
| #ifdef HAVE_STRING_H
| # if !defined STDC_HEADERS && defined HAVE_MEMORY_H
| #  include <memory.h>
| # endif
| # include <string.h>
| #endif
| #ifdef HAVE_STRINGS_H
| # include <strings.h>
| #endif
| #ifdef HAVE_INTTYPES_H
| # include <inttypes.h>
| #endif
| #ifdef HAVE_STDINT_H
| # include <stdint.h>
| #endif
| #ifdef HAVE_UNISTD_H
| # include <unistd.h>
| #endif
| int
| main ()
| {
| if (sizeof ((_Bool)))
| 	  return 0;
|   ;
|   return 0;
| }
configure:16388: result: yes
configure:16407: checking for inline
configure:16433: gcc -c -g -O2  conftest.c >&5
configure:16440: $? = 0
configure:16458: result: inline
configure:16477: checking for size_t
configure:16505: gcc -c -g -O2  conftest.c >&5
configure:16512: $? = 0
configure:16539: gcc -c -g -O2  conftest.c >&5
conftest.c: In function 'main':
conftest.c:63:21: error: expected expression before ')' token
 if (sizeof ((size_t)))
                     ^
configure:16546: $? = 1
configure: failed program was:
| /* confdefs.h.  */
| #define PACKAGE_NAME "restcgi"
| #define PACKAGE_TARNAME "restcgi"
| #define PACKAGE_VERSION "1.0.1"
| #define PACKAGE_STRING "restcgi 1.0.1"
| #define PACKAGE_BUGREPORT ""
| #define PACKAGE "restcgi"
| #define VERSION "1.0.1"
| #define STDC_HEADERS 1
| #define HAVE_SYS_TYPES_H 1
| #define HAVE_SYS_STAT_H 1
| #define HAVE_STDLIB_H 1
| #define HAVE_STRING_H 1
| #define HAVE_MEMORY_H 1
| #define HAVE_STRINGS_H 1
| #define HAVE_INTTYPES_H 1
| #define HAVE_STDINT_H 1
| #define HAVE_UNISTD_H 1
| #define HAVE_DLFCN_H 1
| #define LT_OBJDIR ".libs/"
| #define HAVE_LIBURIPP 1
| #define HAVE_STDLIB_H 1
| #define HAVE_STRING_H 1
| #define HAVE__BOOL 1
| #define HAVE_STDBOOL_H 1
| /* end confdefs.h.  */
| #include <stdio.h>
| #ifdef HAVE_SYS_TYPES_H
| # include <sys/types.h>
| #endif
| #ifdef HAVE_SYS_STAT_H
| # include <sys/stat.h>
| #endif
| #ifdef STDC_HEADERS
| # include <stdlib.h>
| # include <stddef.h>
| #else
| # ifdef HAVE_STDLIB_H
| #  include <stdlib.h>
| # endif
| #endif
| #ifdef HAVE_STRING_H
| # if !defined STDC_HEADERS && defined HAVE_MEMORY_H
| #  include <memory.h>
| # endif
| # include <string.h>
| #endif
| #ifdef HAVE_STRINGS_H
| # include <strings.h>
| #endif
| #ifdef HAVE_INTTYPES_H
| # include <inttypes.h>
| #endif
| #ifdef HAVE_STDINT_H
| # include <stdint.h>
| #endif
| #ifdef HAVE_UNISTD_H
| # include <unistd.h>
| #endif
| int
| main ()
| {
| if (sizeof ((size_t)))
| 	  return 0;
|   ;
|   return 0;
| }
configure:16569: result: yes
configure:16589: checking for memset
configure:16645: gcc -o conftest -g -O2   conftest.c -luripp  >&5
conftest.c:50:6: warning: conflicting types for built-in function 'memset' [enabled by default]
 char memset ();
      ^
configure:16652: $? = 0
configure:16674: result: yes
configure:16589: checking for strcasecmp
configure:16645: gcc -o conftest -g -O2   conftest.c -luripp  >&5
conftest.c:51:6: warning: conflicting types for built-in function 'strcasecmp' [enabled by default]
 char strcasecmp ();
      ^
configure:16652: $? = 0
configure:16674: result: yes
configure:16589: checking for strchr
configure:16645: gcc -o conftest -g -O2   conftest.c -luripp  >&5
conftest.c:52:6: warning: conflicting types for built-in function 'strchr' [enabled by default]
 char strchr ();
      ^
configure:16652: $? = 0
configure:16674: result: yes
configure:16830: creating ./config.status

## ---------------------- ##
## Running config.status. ##
## ---------------------- ##

This file was extended by restcgi config.status 1.0.1, which was
generated by GNU Autoconf 2.63.  Invocation command line was

  CONFIG_FILES    = 
  CONFIG_HEADERS  = 
  CONFIG_LINKS    = 
  CONFIG_COMMANDS = 
  $ ./config.status 

on kalinga-VPCCW15FG

config.status:1053: creating Makefile
config.status:1053: creating src/Makefile
config.status:1053: creating test/Makefile
config.status:1053: creating config.h
config.status:1327: executing depfiles commands
config.status:1327: executing libtool commands

## ---------------- ##
## Cache variables. ##
## ---------------- ##

ac_cv_build=x86_64-unknown-linux-gnu
ac_cv_c_compiler_gnu=yes
ac_cv_c_inline=inline
ac_cv_cxx_compiler_gnu=yes
ac_cv_env_CCC_set=
ac_cv_env_CCC_value=
ac_cv_env_CC_set=
ac_cv_env_CC_value=
ac_cv_env_CFLAGS_set=
ac_cv_env_CFLAGS_value=
ac_cv_env_CPPFLAGS_set=
ac_cv_env_CPPFLAGS_value=
ac_cv_env_CPP_set=
ac_cv_env_CPP_value=
ac_cv_env_CXXCPP_set=
ac_cv_env_CXXCPP_value=
ac_cv_env_CXXFLAGS_set=
ac_cv_env_CXXFLAGS_value=
ac_cv_env_CXX_set=
ac_cv_env_CXX_value=
ac_cv_env_LDFLAGS_set=
ac_cv_env_LDFLAGS_value=
ac_cv_env_LIBS_set=
ac_cv_env_LIBS_value=
ac_cv_env_build_alias_set=
ac_cv_env_build_alias_value=
ac_cv_env_host_alias_set=
ac_cv_env_host_alias_value=
ac_cv_env_target_alias_set=
ac_cv_env_target_alias_value=
ac_cv_func_memset=yes
ac_cv_func_strcasecmp=yes
ac_cv_func_strchr=yes
ac_cv_header_dlfcn_h=yes
ac_cv_header_inttypes_h=yes
ac_cv_header_memory_h=yes
ac_cv_header_stdbool_h=yes
ac_cv_header_stdc=yes
ac_cv_header_stdint_h=yes
ac_cv_header_stdlib_h=yes
ac_cv_header_string_h=yes
ac_cv_header_strings_h=yes
ac_cv_header_sys_stat_h=yes
ac_cv_header_sys_types_h=yes
ac_cv_header_unistd_h=yes
ac_cv_host=x86_64-unknown-linux-gnu
ac_cv_lib_uripp__ZN5uripp4pathC1Ev=yes
ac_cv_objext=o
ac_cv_path_EGREP='/bin/grep -E'
ac_cv_path_FGREP='/bin/grep -F'
ac_cv_path_GREP=/bin/grep
ac_cv_path_SED=/bin/sed
ac_cv_path_install='/usr/bin/install -c'
ac_cv_path_mkdir=/bin/mkdir
ac_cv_prog_AWK=mawk
ac_cv_prog_CPP='gcc -E'
ac_cv_prog_CXXCPP='g++ -E'
ac_cv_prog_ac_ct_AR=ar
ac_cv_prog_ac_ct_CC=gcc
ac_cv_prog_ac_ct_CXX=g++
ac_cv_prog_ac_ct_OBJDUMP=objdump
ac_cv_prog_ac_ct_RANLIB=ranlib
ac_cv_prog_ac_ct_STRIP=strip
ac_cv_prog_cc_c89=
ac_cv_prog_cc_g=yes
ac_cv_prog_cxx_g=yes
ac_cv_prog_make_make_set=yes
ac_cv_type__Bool=yes
ac_cv_type_size_t=yes
am_cv_CC_dependencies_compiler_type=gcc3
am_cv_CXX_dependencies_compiler_type=gcc3
lt_cv_deplibs_check_method=pass_all
lt_cv_file_magic_cmd='$MAGIC_CMD'
lt_cv_file_magic_test_file=
lt_cv_ld_reload_flag=-r
lt_cv_nm_interface='BSD nm'
lt_cv_objdir=.libs
lt_cv_path_LD=/usr/bin/ld
lt_cv_path_LDCXX='/usr/bin/ld -m elf_x86_64'
lt_cv_path_NM='/usr/bin/nm -B'
lt_cv_prog_compiler_c_o=yes
lt_cv_prog_compiler_c_o_CXX=yes
lt_cv_prog_compiler_pic_works=yes
lt_cv_prog_compiler_pic_works_CXX=yes
lt_cv_prog_compiler_rtti_exceptions=no
lt_cv_prog_compiler_static_works=yes
lt_cv_prog_compiler_static_works_CXX=yes
lt_cv_prog_gnu_ld=yes
lt_cv_prog_gnu_ldcxx=yes
lt_cv_sys_global_symbol_pipe='sed -n -e '\''s/^.*[	 ]\([ABCDGIRSTW][ABCDGIRSTW]*\)[	 ][	 ]*\([_A-Za-z][_A-Za-z0-9]*\)$/\1 \2 \2/p'\'''
lt_cv_sys_global_symbol_to_c_name_address='sed -n -e '\''s/^: \([^ ]*\) $/  {\"\1\", (void *) 0},/p'\'' -e '\''s/^[ABCDGIRSTW]* \([^ ]*\) \([^ ]*\)$/  {"\2", (void *) \&\2},/p'\'''
lt_cv_sys_global_symbol_to_c_name_address_lib_prefix='sed -n -e '\''s/^: \([^ ]*\) $/  {\"\1\", (void *) 0},/p'\'' -e '\''s/^[ABCDGIRSTW]* \([^ ]*\) \(lib[^ ]*\)$/  {"\2", (void *) \&\2},/p'\'' -e '\''s/^[ABCDGIRSTW]* \([^ ]*\) \([^ ]*\)$/  {"lib\2", (void *) \&\2},/p'\'''
lt_cv_sys_global_symbol_to_cdecl='sed -n -e '\''s/^T .* \(.*\)$/extern int \1();/p'\'' -e '\''s/^[ABCDGIRSTW]* .* \(.*\)$/extern char \1;/p'\'''
lt_cv_sys_max_cmd_len=1572864

## ----------------- ##
## Output variables. ##
## ----------------- ##

ACLOCAL='${SHELL} /home/kalinga/GitHub/fcgiLearnings/restcgi-1.0.1/build-aux/missing --run aclocal-1.10'
AMDEPBACKSLASH='\'
AMDEP_FALSE='#'
AMDEP_TRUE=''
AMTAR='${SHELL} /home/kalinga/GitHub/fcgiLearnings/restcgi-1.0.1/build-aux/missing --run tar'
AR='ar'
AUTOCONF='${SHELL} /home/kalinga/GitHub/fcgiLearnings/restcgi-1.0.1/build-aux/missing --run autoconf'
AUTOHEADER='${SHELL} /home/kalinga/GitHub/fcgiLearnings/restcgi-1.0.1/build-aux/missing --run autoheader'
AUTOMAKE='${SHELL} /home/kalinga/GitHub/fcgiLearnings/restcgi-1.0.1/build-aux/missing --run automake-1.10'
AWK='mawk'
CC='gcc'
CCDEPMODE='depmode=gcc3'
CFLAGS='-g -O2'
CPP='gcc -E'
CPPFLAGS=''
CXX='g++'
CXXCPP='g++ -E'
CXXDEPMODE='depmode=gcc3'
CXXFLAGS='-g -O2'
CYGPATH_W='echo'
DEFS='-DHAVE_CONFIG_H'
DEPDIR='.deps'
DSYMUTIL=''
DUMPBIN=''
ECHO_C=''
ECHO_N='-n'
ECHO_T=''
EGREP='/bin/grep -E'
EXEEXT=''
FGREP='/bin/grep -F'
GREP='/bin/grep'
INSTALL_DATA='${INSTALL} -m 644'
INSTALL_PROGRAM='${INSTALL}'
INSTALL_SCRIPT='${INSTALL}'
INSTALL_STRIP_PROGRAM='$(install_sh) -c -s'
LD='/usr/bin/ld -m elf_x86_64'
LDFLAGS=''
LIBOBJS=''
LIBS='-luripp '
LIBTOOL='$(SHELL) $(top_builddir)/libtool'
LIPO=''
LN_S='ln -s'
LTLIBOBJS=''
MAKEINFO='${SHELL} /home/kalinga/GitHub/fcgiLearnings/restcgi-1.0.1/build-aux/missing --run makeinfo'
MKDIR_P='/bin/mkdir -p'
NM='/usr/bin/nm -B'
NMEDIT=''
OBJDUMP='objdump'
OBJEXT='o'
OTOOL64=''
OTOOL=''
PACKAGE='restcgi'
PACKAGE_BUGREPORT=''
PACKAGE_NAME='restcgi'
PACKAGE_STRING='restcgi 1.0.1'
PACKAGE_TARNAME='restcgi'
PACKAGE_VERSION='1.0.1'
PATH_SEPARATOR=':'
RANLIB='ranlib'
SED='/bin/sed'
SET_MAKE=''
SHELL='/bin/bash'
STRIP='strip'
VERSION='1.0.1'
ac_ct_CC='gcc'
ac_ct_CXX='g++'
ac_ct_DUMPBIN=''
am__fastdepCC_FALSE='#'
am__fastdepCC_TRUE=''
am__fastdepCXX_FALSE='#'
am__fastdepCXX_TRUE=''
am__include='include'
am__isrc=''
am__leading_dot='.'
am__quote=''
am__tar='${AMTAR} chof - "$$tardir"'
am__untar='${AMTAR} xf -'
bindir='${exec_prefix}/bin'
build='x86_64-unknown-linux-gnu'
build_alias=''
build_cpu='x86_64'
build_os='linux-gnu'
build_vendor='unknown'
datadir='${datarootdir}'
datarootdir='${prefix}/share'
docdir='${datarootdir}/doc/${PACKAGE_TARNAME}'
dvidir='${docdir}'
exec_prefix='${prefix}'
host='x86_64-unknown-linux-gnu'
host_alias=''
host_cpu='x86_64'
host_os='linux-gnu'
host_vendor='unknown'
htmldir='${docdir}'
includedir='${prefix}/include'
infodir='${datarootdir}/info'
install_sh='$(SHELL) /home/kalinga/GitHub/fcgiLearnings/restcgi-1.0.1/build-aux/install-sh'
libdir='${exec_prefix}/lib'
libexecdir='${exec_prefix}/libexec'
localedir='${datarootdir}/locale'
localstatedir='${prefix}/var'
lt_ECHO='echo'
mandir='${datarootdir}/man'
mkdir_p='/bin/mkdir -p'
oldincludedir='/usr/include'
pdfdir='${docdir}'
prefix='/usr/local'
program_transform_name='s,x,x,'
psdir='${docdir}'
sbindir='${exec_prefix}/sbin'
sharedstatedir='${prefix}/com'
sysconfdir='${prefix}/etc'
target_alias=''

## ----------- ##
## confdefs.h. ##
## ----------- ##

#define PACKAGE_NAME "restcgi"
#define PACKAGE_TARNAME "restcgi"
#define PACKAGE_VERSION "1.0.1"
#define PACKAGE_STRING "restcgi 1.0.1"
#define PACKAGE_BUGREPORT ""
#define PACKAGE "restcgi"
#define VERSION "1.0.1"
#define STDC_HEADERS 1
#define HAVE_SYS_TYPES_H 1
#define HAVE_SYS_STAT_H 1
#define HAVE_STDLIB_H 1
#define HAVE_STRING_H 1
#define HAVE_MEMORY_H 1
#define HAVE_STRINGS_H 1
#define HAVE_INTTYPES_H 1
#define HAVE_STDINT_H 1
#define HAVE_UNISTD_H 1
#define HAVE_DLFCN_H 1
#define LT_OBJDIR ".libs/"
#define HAVE_LIBURIPP 1
#define HAVE_STDLIB_H 1
#define HAVE_STRING_H 1
#define HAVE__BOOL 1
#define HAVE_STDBOOL_H 1
#define HAVE_MEMSET 1
#define HAVE_STRCASECMP 1
#define HAVE_STRCHR 1

configure: exit 0
